feature/main/build/intermediates/manifest_merge_blame_file/debug/manifest-merger-blame-debug-report.txt
1<?xml version="1.0" encoding="utf-8"?>
2<manifest xmlns:android="http://schemas.android.com/apk/res/android"
3    xmlns:tools="http://schemas.android.com/tools"
4    package="com.numberone.daepiro.feature.main" >
5
6    <uses-sdk android:minSdkVersion="26" />
7
8    <application>
8-->src/main/AndroidManifest.xml:5:5-14:19
9        <activity
9-->src/main/AndroidManifest.xml:6:9-13:20
10            android:name="com.numberone.daepiro.MainActivity"
10-->src/main/AndroidManifest.xml:7:13-62
11            android:exported="true" >
11-->src/main/AndroidManifest.xml:8:13-36
12            <intent-filter>
12-->src/main/AndroidManifest.xml:9:13-12:29
13                <action android:name="android.intent.action.MAIN" />
13-->src/main/AndroidManifest.xml:10:17-69
13-->src/main/AndroidManifest.xml:10:25-66
14
15                <category android:name="android.intent.category.LAUNCHER" />
15-->src/main/AndroidManifest.xml:11:17-77
15-->src/main/AndroidManifest.xml:11:27-74
16            </intent-filter>
17        </activity>
18    </application>
19
20</manifest>